============================================================
Time  2024/08/23 14:40:38 605 
============================================================
[2024/08/23 14:40:38 605] tts        811  SYS_MSG_REGCB param0 =  msp_status_cb  param1 =  func(480792b0) 
[2024/08/23 14:40:38 605] config     43   use general cloud  
[2024/08/23 14:40:38 606] tts_cloud  1438 SYS_MSG_REGCB_CLOUD param0 =   msp_status_cb  param1 =  func(480792b0) 
[2024/08/23 14:40:38 606] tts        782  TTS_MSG_SSB  
[2024/08/23 14:40:38 606] tts        434  params =  engine_type = local,voice_name=xiaoyan, text_encoding = UTF8, tts_res_path = fo|res/tts/xiaoyan.jet;fo|res/tts/common.jet, sample_rate = 16000, speed = 50, volume = 50, pitch = 50, rdn = 2  
[2024/08/23 14:40:38 606] tts        273  auf=audio/L16;rate=16000  
[2024/08/23 14:40:38 606] tts        273  auf=audio/L16;rate=16000  
[2024/08/23 14:40:38 606] tts        471  ssb|use local  
[2024/08/23 14:40:38 606] tts        385  local_session_begin  
[2024/08/23 14:40:38 607] tts        789  TTS_MSG_SYN  0  
[2024/08/23 14:40:38 607] tts        514  synth|use local  
[2024/08/23 14:40:38 608] tts        792  TTS_MSG_GETAUDIO  0  
[2024/08/23 14:40:38 608] tts        557  get audio|use local  
[2024/08/23 14:40:38 608] tts        599  0  nil  1  
[2024/08/23 14:40:38 608] tts        792  TTS_MSG_GETAUDIO  0  
[2024/08/23 14:40:38 608] tts        557  get audio|use local  
[2024/08/23 14:40:38 608] tts        599  0  nil  1  
[2024/08/23 14:40:38 609] tts        792  TTS_MSG_GETAUDIO  0  
[2024/08/23 14:40:38 609] tts        557  get audio|use local  
[2024/08/23 14:40:38 609] tts        599  0  nil  1  
[2024/08/23 14:40:38 609] tts        792  TTS_MSG_GETAUDIO  0  
[2024/08/23 14:40:38 609] tts        557  get audio|use local  
[2024/08/23 14:40:38 609] tts        599  0  nil  1  
[2024/08/23 14:40:38 609] tts        792  TTS_MSG_GETAUDIO  0  
[2024/08/23 14:40:38 609] tts        557  get audio|use local  
[2024/08/23 14:40:38 609] tts        599  0  nil  1  
[2024/08/23 14:40:38 609] tts        792  TTS_MSG_GETAUDIO  0  
[2024/08/23 14:40:38 609] tts        557  get audio|use local  
[2024/08/23 14:40:38 609] tts        599  0  nil  1  
[2024/08/23 14:40:38 609] tts        792  TTS_MSG_GETAUDIO  0  
[2024/08/23 14:40:38 609] tts        557  get audio|use local  
[2024/08/23 14:40:38 609] tts        599  0  nil  1  
[2024/08/23 14:40:38 610] tts        792  TTS_MSG_GETAUDIO  0  
[2024/08/23 14:40:38 610] tts        557  get audio|use local  
[2024/08/23 14:40:38 610] tts        599  0  nil  1  
[2024/08/23 14:40:38 610] tts        792  TTS_MSG_GETAUDIO  0  
[2024/08/23 14:40:38 610] tts        557  get audio|use local  
[2024/08/23 14:40:38 610] tts        599  0  nil  1  
[2024/08/23 14:40:38 610] tts        792  TTS_MSG_GETAUDIO  0  
[2024/08/23 14:40:38 610] tts        557  get audio|use local  
[2024/08/23 14:40:38 610] tts        599  0  nil  1  
[2024/08/23 14:40:38 611] tts        792  TTS_MSG_GETAUDIO  0  
[2024/08/23 14:40:38 611] tts        557  get audio|use local  
[2024/08/23 14:40:38 611] tts        599  0  nil  1  
[2024/08/23 14:40:38 611] tts        792  TTS_MSG_GETAUDIO  0  
[2024/08/23 14:40:38 611] tts        557  get audio|use local  
[2024/08/23 14:40:38 611] tts        599  0  nil  1  
[2024/08/23 14:40:38 612] tts        792  TTS_MSG_GETAUDIO  0  
[2024/08/23 14:40:38 612] tts        557  get audio|use local  
[2024/08/23 14:40:38 612] tts        599  0  nil  1  
[2024/08/23 14:40:38 612] tts        792  TTS_MSG_GETAUDIO  0  
[2024/08/23 14:40:38 612] tts        557  get audio|use local  
[2024/08/23 14:40:38 612] tts        599  0  nil  1  
[2024/08/23 14:40:38 612] tts        792  TTS_MSG_GETAUDIO  0  
[2024/08/23 14:40:38 612] tts        557  get audio|use local  
[2024/08/23 14:40:38 612] tts        599  0  nil  1  
[2024/08/23 14:40:38 612] tts        792  TTS_MSG_GETAUDIO  0  
[2024/08/23 14:40:38 613] tts        557  get audio|use local  
[2024/08/23 14:40:38 613] tts        599  0  nil  1  
[2024/08/23 14:40:38 613] tts        792  TTS_MSG_GETAUDIO  0  
[2024/08/23 14:40:38 613] tts        557  get audio|use local  
[2024/08/23 14:40:38 613] tts        599  0  nil  1  
[2024/08/23 14:40:38 613] tts        792  TTS_MSG_GETAUDIO  0  
[2024/08/23 14:40:38 613] tts        557  get audio|use local  
[2024/08/23 14:40:38 613] tts        599  0  nil  1  
[2024/08/23 14:40:38 613] tts        792  TTS_MSG_GETAUDIO  0  
[2024/08/23 14:40:38 613] tts        557  get audio|use local  
[2024/08/23 14:40:38 613] tts        599  0  nil  1  
[2024/08/23 14:40:38 614] tts        792  TTS_MSG_GETAUDIO  0  
[2024/08/23 14:40:38 614] tts        557  get audio|use local  
[2024/08/23 14:40:38 614] tts        599  0  nil  1  
[2024/08/23 14:40:38 614] tts        792  TTS_MSG_GETAUDIO  0  
[2024/08/23 14:40:38 614] tts        557  get audio|use local  
[2024/08/23 14:40:38 614] tts        599  0  nil  1  
[2024/08/23 14:40:38 614] tts        792  TTS_MSG_GETAUDIO  0  
[2024/08/23 14:40:38 614] tts        557  get audio|use local  
[2024/08/23 14:40:38 614] tts        599  0  nil  1  
[2024/08/23 14:40:38 614] tts        792  TTS_MSG_GETAUDIO  0  
[2024/08/23 14:40:38 614] tts        557  get audio|use local  
[2024/08/23 14:40:38 615] tts        599  0  nil  1  
[2024/08/23 14:40:38 615] tts        792  TTS_MSG_GETAUDIO  0  
[2024/08/23 14:40:38 615] tts        557  get audio|use local  
[2024/08/23 14:40:38 615] tts        599  0  nil  1  
[2024/08/23 14:40:38 615] tts        792  TTS_MSG_GETAUDIO  0  
[2024/08/23 14:40:38 615] tts        557  get audio|use local  
[2024/08/23 14:40:38 615] tts        599  0  nil  1  
[2024/08/23 14:40:38 616] tts        792  TTS_MSG_GETAUDIO  0  
[2024/08/23 14:40:38 616] tts        557  get audio|use local  
[2024/08/23 14:40:38 616] tts        599  0  nil  1  
[2024/08/23 14:40:38 616] tts        792  TTS_MSG_GETAUDIO  0  
[2024/08/23 14:40:38 616] tts        557  get audio|use local  
[2024/08/23 14:40:38 616] tts        599  0  nil  1  
[2024/08/23 14:40:38 616] tts        792  TTS_MSG_GETAUDIO  0  
[2024/08/23 14:40:38 616] tts        557  get audio|use local  
[2024/08/23 14:40:38 616] tts        599  0  nil  1  
[2024/08/23 14:40:38 617] tts        792  TTS_MSG_GETAUDIO  0  
[2024/08/23 14:40:38 617] tts        557  get audio|use local  
[2024/08/23 14:40:38 617] tts        599  0  nil  1  
[2024/08/23 14:40:38 617] tts        792  TTS_MSG_GETAUDIO  0  
[2024/08/23 14:40:38 617] tts        557  get audio|use local  
[2024/08/23 14:40:38 617] tts        599  0  nil  1  
[2024/08/23 14:40:38 617] tts        792  TTS_MSG_GETAUDIO  0  
[2024/08/23 14:40:38 617] tts        557  get audio|use local  
[2024/08/23 14:40:38 617] tts        599  0  nil  1  
[2024/08/23 14:40:38 618] tts        301  TTS_LOCAL_CB_BEGIN  
[2024/08/23 14:40:38 618] tts        792  TTS_MSG_GETAUDIO  0  
[2024/08/23 14:40:38 618] tts        557  get audio|use local  
[2024/08/23 14:40:38 618] tts        599  0  nil  1  
[2024/08/23 14:40:38 618] tts        792  TTS_MSG_GETAUDIO  0  
[2024/08/23 14:40:38 618] tts        557  get audio|use local  
[2024/08/23 14:40:38 618] tts        599  0  nil  1  
[2024/08/23 14:40:38 618] tts        792  TTS_MSG_GETAUDIO  0  
[2024/08/23 14:40:38 618] tts        557  get audio|use local  
[2024/08/23 14:40:38 618] tts        599  0  nil  1  
[2024/08/23 14:40:38 618] tts        792  TTS_MSG_GETAUDIO  0  
[2024/08/23 14:40:38 618] tts        557  get audio|use local  
[2024/08/23 14:40:38 618] tts        599  0  nil  1  
[2024/08/23 14:40:38 619] tts        317  TTS_LOCAL_CB_OUTPUT  101  udata(48056fe8) 18  
[2024/08/23 14:40:38 619] tts        321  udata(48056fe8) 18  
[2024/08/23 14:40:38 620] tts        792  TTS_MSG_GETAUDIO  0  
[2024/08/23 14:40:38 620] tts        557  get audio|use local  
[2024/08/23 14:40:38 620] tts        570  local audiolen:  212  ,ced:  18  
[2024/08/23 14:40:38 620] tts        599  0  udata(48057238) 1  
[2024/08/23 14:40:38 621] tts        792  TTS_MSG_GETAUDIO  0  
[2024/08/23 14:40:38 621] tts        557  get audio|use local  
[2024/08/23 14:40:38 621] tts        599  0  nil  1  
[2024/08/23 14:40:38 621] tts        792  TTS_MSG_GETAUDIO  0  
[2024/08/23 14:40:38 621] tts        557  get audio|use local  
[2024/08/23 14:40:38 621] tts        599  0  nil  1  
[2024/08/23 14:40:38 622] tts        792  TTS_MSG_GETAUDIO  0  
[2024/08/23 14:40:38 622] tts        557  get audio|use local  
[2024/08/23 14:40:38 622] tts        599  0  nil  1  
[2024/08/23 14:40:38 623] tts        792  TTS_MSG_GETAUDIO  0  
[2024/08/23 14:40:38 623] tts        557  get audio|use local  
[2024/08/23 14:40:38 623] tts        599  0  nil  1  
[2024/08/23 14:40:38 623] tts        792  TTS_MSG_GETAUDIO  0  
[2024/08/23 14:40:38 623] tts        557  get audio|use local  
[2024/08/23 14:40:38 623] tts        599  0  nil  1  
[2024/08/23 14:40:38 623] tts        792  TTS_MSG_GETAUDIO  0  
[2024/08/23 14:40:38 623] tts        557  get audio|use local  
[2024/08/23 14:40:38 623] tts        599  0  nil  1  
[2024/08/23 14:40:38 623] tts        792  TTS_MSG_GETAUDIO  0  
[2024/08/23 14:40:38 623] tts        557  get audio|use local  
[2024/08/23 14:40:38 623] tts        599  0  nil  1  
[2024/08/23 14:40:38 623] tts        792  TTS_MSG_GETAUDIO  0  
[2024/08/23 14:40:38 623] tts        557  get audio|use local  
[2024/08/23 14:40:38 623] tts        599  0  nil  1  
[2024/08/23 14:40:38 624] tts        792  TTS_MSG_GETAUDIO  0  
[2024/08/23 14:40:38 624] tts        557  get audio|use local  
[2024/08/23 14:40:38 624] tts        599  0  nil  1  
[2024/08/23 14:40:38 624] tts        792  TTS_MSG_GETAUDIO  0  
[2024/08/23 14:40:38 624] tts        557  get audio|use local  
[2024/08/23 14:40:38 624] tts        599  0  nil  1  
[2024/08/23 14:40:38 624] tts        792  TTS_MSG_GETAUDIO  0  
[2024/08/23 14:40:38 624] tts        557  get audio|use local  
[2024/08/23 14:40:38 624] tts        599  0  nil  1  
[2024/08/23 14:40:38 624] tts        792  TTS_MSG_GETAUDIO  0  
[2024/08/23 14:40:38 624] tts        557  get audio|use local  
[2024/08/23 14:40:38 624] tts        599  0  nil  1  
[2024/08/23 14:40:38 624] tts        792  TTS_MSG_GETAUDIO  0  
[2024/08/23 14:40:38 624] tts        557  get audio|use local  
[2024/08/23 14:40:38 624] tts        599  0  nil  1  
[2024/08/23 14:40:38 624] tts        792  TTS_MSG_GETAUDIO  0  
[2024/08/23 14:40:38 624] tts        557  get audio|use local  
[2024/08/23 14:40:38 624] tts        599  0  nil  1  
[2024/08/23 14:40:38 624] tts        792  TTS_MSG_GETAUDIO  0  
[2024/08/23 14:40:38 624] tts        557  get audio|use local  
[2024/08/23 14:40:38 624] tts        599  0  nil  1  
[2024/08/23 14:40:38 625] tts        792  TTS_MSG_GETAUDIO  0  
[2024/08/23 14:40:38 625] tts        557  get audio|use local  
[2024/08/23 14:40:38 625] tts        599  0  nil  1  
[2024/08/23 14:40:38 625] tts        792  TTS_MSG_GETAUDIO  0  
[2024/08/23 14:40:38 625] tts        557  get audio|use local  
[2024/08/23 14:40:38 625] tts        599  0  nil  1  
[2024/08/23 14:40:38 625] tts        792  TTS_MSG_GETAUDIO  0  
[2024/08/23 14:40:38 625] tts        557  get audio|use local  
[2024/08/23 14:40:38 625] tts        599  0  nil  1  
[2024/08/23 14:40:38 625] tts        792  TTS_MSG_GETAUDIO  0  
[2024/08/23 14:40:38 625] tts        557  get audio|use local  
[2024/08/23 14:40:38 625] tts        599  0  nil  1  
[2024/08/23 14:40:38 625] tts        792  TTS_MSG_GETAUDIO  0  
[2024/08/23 14:40:38 625] tts        557  get audio|use local  
[2024/08/23 14:40:38 625] tts        599  0  nil  1  
[2024/08/23 14:40:38 625] tts        792  TTS_MSG_GETAUDIO  0  
[2024/08/23 14:40:38 625] tts        557  get audio|use local  
[2024/08/23 14:40:38 625] tts        599  0  nil  1  
[2024/08/23 14:40:38 625] tts        792  TTS_MSG_GETAUDIO  0  
[2024/08/23 14:40:38 625] tts        557  get audio|use local  
[2024/08/23 14:40:38 625] tts        599  0  nil  1  
[2024/08/23 14:40:38 625] tts        792  TTS_MSG_GETAUDIO  0  
[2024/08/23 14:40:38 626] tts        557  get audio|use local  
[2024/08/23 14:40:38 626] tts        599  0  nil  1  
[2024/08/23 14:40:38 626] tts        792  TTS_MSG_GETAUDIO  0  
[2024/08/23 14:40:38 626] tts        557  get audio|use local  
[2024/08/23 14:40:38 626] tts        599  0  nil  1  
[2024/08/23 14:40:38 626] tts        792  TTS_MSG_GETAUDIO  0  
[2024/08/23 14:40:38 626] tts        557  get audio|use local  
[2024/08/23 14:40:38 626] tts        599  0  nil  1  
[2024/08/23 14:40:38 626] tts        792  TTS_MSG_GETAUDIO  0  
[2024/08/23 14:40:38 626] tts        557  get audio|use local  
[2024/08/23 14:40:38 626] tts        599  0  nil  1  
[2024/08/23 14:40:38 626] tts        792  TTS_MSG_GETAUDIO  0  
[2024/08/23 14:40:38 626] tts        557  get audio|use local  
[2024/08/23 14:40:38 626] tts        599  0  nil  1  
[2024/08/23 14:40:38 626] tts        792  TTS_MSG_GETAUDIO  0  
[2024/08/23 14:40:38 626] tts        557  get audio|use local  
[2024/08/23 14:40:38 626] tts        599  0  nil  1  
[2024/08/23 14:40:38 626] tts        792  TTS_MSG_GETAUDIO  0  
[2024/08/23 14:40:38 626] tts        557  get audio|use local  
[2024/08/23 14:40:38 626] tts        599  0  nil  1  
[2024/08/23 14:40:38 626] tts        792  TTS_MSG_GETAUDIO  0  
[2024/08/23 14:40:38 626] tts        557  get audio|use local  
[2024/08/23 14:40:38 626] tts        599  0  nil  1  
[2024/08/23 14:40:38 627] tts        792  TTS_MSG_GETAUDIO  0  
[2024/08/23 14:40:38 627] tts        557  get audio|use local  
[2024/08/23 14:40:38 627] tts        599  0  nil  1  
[2024/08/23 14:40:38 627] tts        792  TTS_MSG_GETAUDIO  0  
[2024/08/23 14:40:38 627] tts        557  get audio|use local  
[2024/08/23 14:40:38 627] tts        599  0  nil  1  
[2024/08/23 14:40:38 627] tts        792  TTS_MSG_GETAUDIO  0  
[2024/08/23 14:40:38 627] tts        557  get audio|use local  
[2024/08/23 14:40:38 627] tts        599  0  nil  1  
[2024/08/23 14:40:38 627] tts        792  TTS_MSG_GETAUDIO  0  
[2024/08/23 14:40:38 627] tts        557  get audio|use local  
[2024/08/23 14:40:38 627] tts        599  0  nil  1  
[2024/08/23 14:40:38 627] tts        792  TTS_MSG_GETAUDIO  0  
[2024/08/23 14:40:38 627] tts        557  get audio|use local  
[2024/08/23 14:40:38 627] tts        599  0  nil  1  
[2024/08/23 14:40:38 627] tts        792  TTS_MSG_GETAUDIO  0  
[2024/08/23 14:40:38 627] tts        557  get audio|use local  
[2024/08/23 14:40:38 627] tts        599  0  nil  1  
[2024/08/23 14:40:38 627] tts        792  TTS_MSG_GETAUDIO  0  
[2024/08/23 14:40:38 627] tts        557  get audio|use local  
[2024/08/23 14:40:38 627] tts        599  0  nil  1  
[2024/08/23 14:40:38 627] tts        792  TTS_MSG_GETAUDIO  0  
[2024/08/23 14:40:38 627] tts        557  get audio|use local  
[2024/08/23 14:40:38 627] tts        599  0  nil  1  
[2024/08/23 14:40:38 628] tts        792  TTS_MSG_GETAUDIO  0  
[2024/08/23 14:40:38 628] tts        557  get audio|use local  
[2024/08/23 14:40:38 628] tts        599  0  nil  1  
[2024/08/23 14:40:38 628] tts        792  TTS_MSG_GETAUDIO  0  
[2024/08/23 14:40:38 628] tts        557  get audio|use local  
[2024/08/23 14:40:38 628] tts        599  0  nil  1  
[2024/08/23 14:40:38 628] tts        792  TTS_MSG_GETAUDIO  0  
[2024/08/23 14:40:38 628] tts        557  get audio|use local  
[2024/08/23 14:40:38 628] tts        599  0  nil  1  
[2024/08/23 14:40:38 628] tts        792  TTS_MSG_GETAUDIO  0  
[2024/08/23 14:40:38 628] tts        557  get audio|use local  
[2024/08/23 14:40:38 628] tts        599  0  nil  1  
[2024/08/23 14:40:38 628] tts        792  TTS_MSG_GETAUDIO  0  
[2024/08/23 14:40:38 628] tts        557  get audio|use local  
[2024/08/23 14:40:38 628] tts        599  0  nil  1  
[2024/08/23 14:40:38 628] tts        792  TTS_MSG_GETAUDIO  0  
[2024/08/23 14:40:38 628] tts        557  get audio|use local  
[2024/08/23 14:40:38 628] tts        599  0  nil  1  
[2024/08/23 14:40:38 629] tts        792  TTS_MSG_GETAUDIO  0  
[2024/08/23 14:40:38 629] tts        557  get audio|use local  
[2024/08/23 14:40:38 629] tts        599  0  nil  1  
[2024/08/23 14:40:38 629] tts        792  TTS_MSG_GETAUDIO  0  
[2024/08/23 14:40:38 629] tts        557  get audio|use local  
[2024/08/23 14:40:38 629] tts        599  0  nil  1  
[2024/08/23 14:40:38 629] tts        792  TTS_MSG_GETAUDIO  0  
[2024/08/23 14:40:38 629] tts        557  get audio|use local  
[2024/08/23 14:40:38 629] tts        599  0  nil  1  
[2024/08/23 14:40:38 629] tts        792  TTS_MSG_GETAUDIO  0  
[2024/08/23 14:40:38 629] tts        557  get audio|use local  
[2024/08/23 14:40:38 629] tts        599  0  nil  1  
[2024/08/23 14:40:38 629] tts        792  TTS_MSG_GETAUDIO  0  
[2024/08/23 14:40:38 629] tts        557  get audio|use local  
[2024/08/23 14:40:38 629] tts        599  0  nil  1  
[2024/08/23 14:40:38 629] tts        792  TTS_MSG_GETAUDIO  0  
[2024/08/23 14:40:38 629] tts        557  get audio|use local  
[2024/08/23 14:40:38 629] tts        599  0  nil  1  
[2024/08/23 14:40:38 630] tts        792  TTS_MSG_GETAUDIO  0  
[2024/08/23 14:40:38 630] tts        557  get audio|use local  
[2024/08/23 14:40:38 630] tts        599  0  nil  1  
[2024/08/23 14:40:38 630] tts        792  TTS_MSG_GETAUDIO  0  
[2024/08/23 14:40:38 630] tts        557  get audio|use local  
[2024/08/23 14:40:38 630] tts        599  0  nil  1  
[2024/08/23 14:40:38 630] tts        792  TTS_MSG_GETAUDIO  0  
[2024/08/23 14:40:38 630] tts        557  get audio|use local  
[2024/08/23 14:40:38 630] tts        599  0  nil  1  
[2024/08/23 14:40:38 630] tts        792  TTS_MSG_GETAUDIO  0  
[2024/08/23 14:40:38 630] tts        557  get audio|use local  
[2024/08/23 14:40:38 630] tts        599  0  nil  1  
[2024/08/23 14:40:38 630] tts        792  TTS_MSG_GETAUDIO  0  
[2024/08/23 14:40:38 630] tts        557  get audio|use local  
[2024/08/23 14:40:38 630] tts        599  0  nil  1  
[2024/08/23 14:40:38 630] tts        792  TTS_MSG_GETAUDIO  0  
[2024/08/23 14:40:38 630] tts        557  get audio|use local  
[2024/08/23 14:40:38 630] tts        599  0  nil  1  
[2024/08/23 14:40:38 630] tts        792  TTS_MSG_GETAUDIO  0  
[2024/08/23 14:40:38 630] tts        557  get audio|use local  
[2024/08/23 14:40:38 630] tts        599  0  nil  1  
[2024/08/23 14:40:38 630] tts        792  TTS_MSG_GETAUDIO  0  
[2024/08/23 14:40:38 630] tts        557  get audio|use local  
[2024/08/23 14:40:38 630] tts        599  0  nil  1  
[2024/08/23 14:40:38 631] tts        792  TTS_MSG_GETAUDIO  0  
[2024/08/23 14:40:38 631] tts        557  get audio|use local  
[2024/08/23 14:40:38 631] tts        599  0  nil  1  
[2024/08/23 14:40:38 631] tts        792  TTS_MSG_GETAUDIO  0  
[2024/08/23 14:40:38 631] tts        557  get audio|use local  
[2024/08/23 14:40:38 631] tts        599  0  nil  1  
[2024/08/23 14:40:38 631] tts        792  TTS_MSG_GETAUDIO  0  
[2024/08/23 14:40:38 631] tts        557  get audio|use local  
[2024/08/23 14:40:38 631] tts        599  0  nil  1  
[2024/08/23 14:40:38 631] tts        792  TTS_MSG_GETAUDIO  0  
[2024/08/23 14:40:38 631] tts        557  get audio|use local  
[2024/08/23 14:40:38 631] tts        599  0  nil  1  
[2024/08/23 14:40:38 631] tts        792  TTS_MSG_GETAUDIO  0  
[2024/08/23 14:40:38 631] tts        557  get audio|use local  
[2024/08/23 14:40:38 631] tts        599  0  nil  1  
[2024/08/23 14:40:38 631] tts        792  TTS_MSG_GETAUDIO  0  
[2024/08/23 14:40:38 631] tts        557  get audio|use local  
[2024/08/23 14:40:38 631] tts        599  0  nil  1  
[2024/08/23 14:40:38 631] tts        792  TTS_MSG_GETAUDIO  0  
[2024/08/23 14:40:38 631] tts        557  get audio|use local  
[2024/08/23 14:40:38 631] tts        599  0  nil  1  
[2024/08/23 14:40:38 631] tts        792  TTS_MSG_GETAUDIO  0  
[2024/08/23 14:40:38 631] tts        557  get audio|use local  
[2024/08/23 14:40:38 631] tts        599  0  nil  1  
[2024/08/23 14:40:38 631] tts        792  TTS_MSG_GETAUDIO  0  
[2024/08/23 14:40:38 631] tts        557  get audio|use local  
[2024/08/23 14:40:38 631] tts        599  0  nil  1  
[2024/08/23 14:40:38 632] tts        792  TTS_MSG_GETAUDIO  0  
[2024/08/23 14:40:38 632] tts        557  get audio|use local  
[2024/08/23 14:40:38 632] tts        599  0  nil  1  
[2024/08/23 14:40:38 632] tts        792  TTS_MSG_GETAUDIO  0  
[2024/08/23 14:40:38 632] tts        557  get audio|use local  
[2024/08/23 14:40:38 632] tts        599  0  nil  1  
[2024/08/23 14:40:38 632] tts        792  TTS_MSG_GETAUDIO  0  
[2024/08/23 14:40:38 632] tts        557  get audio|use local  
[2024/08/23 14:40:38 632] tts        599  0  nil  1  
[2024/08/23 14:40:38 632] tts        792  TTS_MSG_GETAUDIO  0  
[2024/08/23 14:40:38 632] tts        557  get audio|use local  
[2024/08/23 14:40:38 632] tts        599  0  nil  1  
[2024/08/23 14:40:38 632] tts        792  TTS_MSG_GETAUDIO  0  
[2024/08/23 14:40:38 632] tts        557  get audio|use local  
[2024/08/23 14:40:38 632] tts        599  0  nil  1  
[2024/08/23 14:40:38 632] tts        792  TTS_MSG_GETAUDIO  0  
[2024/08/23 14:40:38 632] tts        557  get audio|use local  
[2024/08/23 14:40:38 632] tts        599  0  nil  1  
[2024/08/23 14:40:38 632] tts        792  TTS_MSG_GETAUDIO  0  
[2024/08/23 14:40:38 632] tts        557  get audio|use local  
[2024/08/23 14:40:38 632] tts        599  0  nil  1  
[2024/08/23 14:40:38 632] tts        792  TTS_MSG_GETAUDIO  0  
[2024/08/23 14:40:38 632] tts        557  get audio|use local  
[2024/08/23 14:40:38 632] tts        599  0  nil  1  
[2024/08/23 14:40:38 633] tts        792  TTS_MSG_GETAUDIO  0  
[2024/08/23 14:40:38 633] tts        557  get audio|use local  
[2024/08/23 14:40:38 633] tts        599  0  nil  1  
[2024/08/23 14:40:38 633] tts        792  TTS_MSG_GETAUDIO  0  
[2024/08/23 14:40:38 633] tts        557  get audio|use local  
[2024/08/23 14:40:38 633] tts        599  0  nil  1  
[2024/08/23 14:40:38 633] tts        792  TTS_MSG_GETAUDIO  0  
[2024/08/23 14:40:38 633] tts        557  get audio|use local  
[2024/08/23 14:40:38 633] tts        599  0  nil  1  
[2024/08/23 14:40:38 633] tts        792  TTS_MSG_GETAUDIO  0  
[2024/08/23 14:40:38 633] tts        557  get audio|use local  
[2024/08/23 14:40:38 633] tts        599  0  nil  1  
[2024/08/23 14:40:38 633] tts        792  TTS_MSG_GETAUDIO  0  
[2024/08/23 14:40:38 633] tts        557  get audio|use local  
[2024/08/23 14:40:38 633] tts        599  0  nil  1  
[2024/08/23 14:40:38 633] tts        792  TTS_MSG_GETAUDIO  0  
[2024/08/23 14:40:38 633] tts        557  get audio|use local  
[2024/08/23 14:40:38 633] tts        599  0  nil  1  
[2024/08/23 14:40:38 633] tts        792  TTS_MSG_GETAUDIO  0  
[2024/08/23 14:40:38 633] tts        557  get audio|use local  
[2024/08/23 14:40:38 633] tts        599  0  nil  1  
[2024/08/23 14:40:38 633] tts        792  TTS_MSG_GETAUDIO  0  
[2024/08/23 14:40:38 633] tts        557  get audio|use local  
[2024/08/23 14:40:38 633] tts        599  0  nil  1  
[2024/08/23 14:40:38 633] tts        792  TTS_MSG_GETAUDIO  0  
[2024/08/23 14:40:38 633] tts        557  get audio|use local  
[2024/08/23 14:40:38 634] tts        599  0  nil  1  
[2024/08/23 14:40:38 634] tts        792  TTS_MSG_GETAUDIO  0  
[2024/08/23 14:40:38 634] tts        557  get audio|use local  
[2024/08/23 14:40:38 634] tts        599  0  nil  1  
[2024/08/23 14:40:38 634] tts        792  TTS_MSG_GETAUDIO  0  
[2024/08/23 14:40:38 634] tts        557  get audio|use local  
[2024/08/23 14:40:38 634] tts        599  0  nil  1  
[2024/08/23 14:40:38 634] tts        792  TTS_MSG_GETAUDIO  0  
[2024/08/23 14:40:38 634] tts        557  get audio|use local  
[2024/08/23 14:40:38 634] tts        599  0  nil  1  
[2024/08/23 14:40:38 634] tts        792  TTS_MSG_GETAUDIO  0  
[2024/08/23 14:40:38 634] tts        557  get audio|use local  
[2024/08/23 14:40:38 634] tts        599  0  nil  1  
[2024/08/23 14:40:38 634] tts        792  TTS_MSG_GETAUDIO  0  
[2024/08/23 14:40:38 634] tts        557  get audio|use local  
[2024/08/23 14:40:38 634] tts        599  0  nil  1  
[2024/08/23 14:40:38 634] tts        792  TTS_MSG_GETAUDIO  0  
[2024/08/23 14:40:38 634] tts        557  get audio|use local  
[2024/08/23 14:40:38 634] tts        599  0  nil  1  
[2024/08/23 14:40:38 634] tts        792  TTS_MSG_GETAUDIO  0  
[2024/08/23 14:40:38 634] tts        557  get audio|use local  
[2024/08/23 14:40:38 634] tts        599  0  nil  1  
[2024/08/23 14:40:38 634] tts        792  TTS_MSG_GETAUDIO  0  
[2024/08/23 14:40:38 634] tts        557  get audio|use local  
[2024/08/23 14:40:38 634] tts        599  0  nil  1  
[2024/08/23 14:40:38 635] tts        792  TTS_MSG_GETAUDIO  0  
[2024/08/23 14:40:38 635] tts        557  get audio|use local  
[2024/08/23 14:40:38 635] tts        599  0  nil  1  
[2024/08/23 14:40:38 635] tts        792  TTS_MSG_GETAUDIO  0  
[2024/08/23 14:40:38 635] tts        557  get audio|use local  
[2024/08/23 14:40:38 635] tts        599  0  nil  1  
[2024/08/23 14:40:38 635] tts        792  TTS_MSG_GETAUDIO  0  
[2024/08/23 14:40:38 635] tts        557  get audio|use local  
[2024/08/23 14:40:38 635] tts        599  0  nil  1  
[2024/08/23 14:40:38 635] tts        792  TTS_MSG_GETAUDIO  0  
[2024/08/23 14:40:38 635] tts        557  get audio|use local  
[2024/08/23 14:40:38 635] tts        599  0  nil  1  
[2024/08/23 14:40:38 635] tts        792  TTS_MSG_GETAUDIO  0  
[2024/08/23 14:40:38 635] tts        557  get audio|use local  
[2024/08/23 14:40:38 635] tts        599  0  nil  1  
[2024/08/23 14:40:38 635] tts        792  TTS_MSG_GETAUDIO  0  
[2024/08/23 14:40:38 635] tts        557  get audio|use local  
[2024/08/23 14:40:38 635] tts        599  0  nil  1  
[2024/08/23 14:40:38 635] tts        792  TTS_MSG_GETAUDIO  0  
[2024/08/23 14:40:38 635] tts        557  get audio|use local  
[2024/08/23 14:40:38 635] tts        599  0  nil  1  
[2024/08/23 14:40:38 635] tts        792  TTS_MSG_GETAUDIO  0  
[2024/08/23 14:40:38 635] tts        557  get audio|use local  
[2024/08/23 14:40:38 635] tts        599  0  nil  1  
[2024/08/23 14:40:38 635] tts        792  TTS_MSG_GETAUDIO  0  
[2024/08/23 14:40:38 635] tts        557  get audio|use local  
[2024/08/23 14:40:38 635] tts        599  0  nil  1  
[2024/08/23 14:40:38 635] tts        792  TTS_MSG_GETAUDIO  0  
[2024/08/23 14:40:38 636] tts        557  get audio|use local  
[2024/08/23 14:40:38 636] tts        599  0  nil  1  
[2024/08/23 14:40:38 636] tts        792  TTS_MSG_GETAUDIO  0  
[2024/08/23 14:40:38 636] tts        557  get audio|use local  
[2024/08/23 14:40:38 636] tts        599  0  nil  1  
[2024/08/23 14:40:38 636] tts        792  TTS_MSG_GETAUDIO  0  
[2024/08/23 14:40:38 636] tts        557  get audio|use local  
[2024/08/23 14:40:38 636] tts        599  0  nil  1  
[2024/08/23 14:40:38 636] tts        792  TTS_MSG_GETAUDIO  0  
[2024/08/23 14:40:38 636] tts        557  get audio|use local  
[2024/08/23 14:40:38 636] tts        599  0  nil  1  
[2024/08/23 14:40:38 636] tts        792  TTS_MSG_GETAUDIO  0  
[2024/08/23 14:40:38 636] tts        557  get audio|use local  
[2024/08/23 14:40:38 636] tts        599  0  nil  1  
[2024/08/23 14:40:38 636] tts        792  TTS_MSG_GETAUDIO  0  
[2024/08/23 14:40:38 636] tts        557  get audio|use local  
[2024/08/23 14:40:38 636] tts        599  0  nil  1  
[2024/08/23 14:40:38 636] tts        792  TTS_MSG_GETAUDIO  0  
[2024/08/23 14:40:38 636] tts        557  get audio|use local  
[2024/08/23 14:40:38 636] tts        599  0  nil  1  
[2024/08/23 14:40:38 636] tts        792  TTS_MSG_GETAUDIO  0  
[2024/08/23 14:40:38 636] tts        557  get audio|use local  
[2024/08/23 14:40:38 636] tts        599  0  nil  1  
[2024/08/23 14:40:38 636] tts        792  TTS_MSG_GETAUDIO  0  
[2024/08/23 14:40:38 636] tts        557  get audio|use local  
[2024/08/23 14:40:38 636] tts        599  0  nil  1  
[2024/08/23 14:40:38 637] tts        792  TTS_MSG_GETAUDIO  0  
[2024/08/23 14:40:38 637] tts        557  get audio|use local  
[2024/08/23 14:40:38 637] tts        599  0  nil  1  
[2024/08/23 14:40:38 637] tts        792  TTS_MSG_GETAUDIO  0  
[2024/08/23 14:40:38 637] tts        557  get audio|use local  
[2024/08/23 14:40:38 637] tts        599  0  nil  1  
[2024/08/23 14:40:38 637] tts        792  TTS_MSG_GETAUDIO  0  
[2024/08/23 14:40:38 637] tts        557  get audio|use local  
[2024/08/23 14:40:38 637] tts        599  0  nil  1  
[2024/08/23 14:40:38 637] tts        792  TTS_MSG_GETAUDIO  0  
[2024/08/23 14:40:38 637] tts        557  get audio|use local  
[2024/08/23 14:40:38 637] tts        599  0  nil  1  
[2024/08/23 14:40:38 637] tts        792  TTS_MSG_GETAUDIO  0  
[2024/08/23 14:40:38 637] tts        557  get audio|use local  
[2024/08/23 14:40:38 637] tts        599  0  nil  1  
[2024/08/23 14:40:38 637] tts        792  TTS_MSG_GETAUDIO  0  
[2024/08/23 14:40:38 637] tts        557  get audio|use local  
[2024/08/23 14:40:38 637] tts        599  0  nil  1  
[2024/08/23 14:40:38 637] tts        792  TTS_MSG_GETAUDIO  0  
[2024/08/23 14:40:38 637] tts        557  get audio|use local  
[2024/08/23 14:40:38 637] tts        599  0  nil  1  
[2024/08/23 14:40:38 638] tts        792  TTS_MSG_GETAUDIO  0  
[2024/08/23 14:40:38 638] tts        557  get audio|use local  
[2024/08/23 14:40:38 638] tts        599  0  nil  1  
[2024/08/23 14:40:38 638] tts        792  TTS_MSG_GETAUDIO  0  
[2024/08/23 14:40:38 638] tts        557  get audio|use local  
[2024/08/23 14:40:38 638] tts        599  0  nil  1  
[2024/08/23 14:40:38 638] tts        792  TTS_MSG_GETAUDIO  0  
[2024/08/23 14:40:38 638] tts        557  get audio|use local  
[2024/08/23 14:40:38 638] tts        599  0  nil  1  
[2024/08/23 14:40:38 638] tts        792  TTS_MSG_GETAUDIO  0  
[2024/08/23 14:40:38 638] tts        557  get audio|use local  
[2024/08/23 14:40:38 638] tts        599  0  nil  1  
[2024/08/23 14:40:38 638] tts        792  TTS_MSG_GETAUDIO  0  
[2024/08/23 14:40:38 638] tts        557  get audio|use local  
[2024/08/23 14:40:38 638] tts        599  0  nil  1  
[2024/08/23 14:40:38 638] tts        792  TTS_MSG_GETAUDIO  0  
[2024/08/23 14:40:38 638] tts        557  get audio|use local  
[2024/08/23 14:40:38 638] tts        599  0  nil  1  
[2024/08/23 14:40:38 638] tts        792  TTS_MSG_GETAUDIO  0  
[2024/08/23 14:40:38 638] tts        557  get audio|use local  
[2024/08/23 14:40:38 638] tts        599  0  nil  1  
[2024/08/23 14:40:38 638] tts        792  TTS_MSG_GETAUDIO  0  
[2024/08/23 14:40:38 638] tts        557  get audio|use local  
[2024/08/23 14:40:38 638] tts        599  0  nil  1  
[2024/08/23 14:40:38 638] tts        792  TTS_MSG_GETAUDIO  0  
[2024/08/23 14:40:38 638] tts        557  get audio|use local  
[2024/08/23 14:40:38 638] tts        599  0  nil  1  
[2024/08/23 14:40:38 638] tts        792  TTS_MSG_GETAUDIO  0  
[2024/08/23 14:40:38 638] tts        557  get audio|use local  
[2024/08/23 14:40:38 638] tts        599  0  nil  1  
[2024/08/23 14:40:38 639] tts        792  TTS_MSG_GETAUDIO  0  
[2024/08/23 14:40:38 639] tts        557  get audio|use local  
[2024/08/23 14:40:38 639] tts        599  0  nil  1  
[2024/08/23 14:40:38 639] tts        792  TTS_MSG_GETAUDIO  0  
[2024/08/23 14:40:38 639] tts        557  get audio|use local  
[2024/08/23 14:40:38 639] tts        599  0  nil  1  
[2024/08/23 14:40:38 639] tts        792  TTS_MSG_GETAUDIO  0  
[2024/08/23 14:40:38 639] tts        557  get audio|use local  
[2024/08/23 14:40:38 639] tts        599  0  nil  1  
[2024/08/23 14:40:38 639] tts        792  TTS_MSG_GETAUDIO  0  
[2024/08/23 14:40:38 639] tts        557  get audio|use local  
[2024/08/23 14:40:38 639] tts        599  0  nil  1  
[2024/08/23 14:40:38 639] tts        792  TTS_MSG_GETAUDIO  0  
[2024/08/23 14:40:38 639] tts        557  get audio|use local  
[2024/08/23 14:40:38 639] tts        599  0  nil  1  
[2024/08/23 14:40:38 639] tts        792  TTS_MSG_GETAUDIO  0  
[2024/08/23 14:40:38 639] tts        557  get audio|use local  
[2024/08/23 14:40:38 639] tts        599  0  nil  1  
[2024/08/23 14:40:38 639] tts        792  TTS_MSG_GETAUDIO  0  
[2024/08/23 14:40:38 639] tts        557  get audio|use local  
[2024/08/23 14:40:38 639] tts        599  0  nil  1  
[2024/08/23 14:40:38 639] tts        792  TTS_MSG_GETAUDIO  0  
[2024/08/23 14:40:38 639] tts        557  get audio|use local  
[2024/08/23 14:40:38 639] tts        599  0  nil  1  
[2024/08/23 14:40:38 640] tts        792  TTS_MSG_GETAUDIO  0  
[2024/08/23 14:40:38 640] tts        557  get audio|use local  
[2024/08/23 14:40:38 640] tts        599  0  nil  1  
[2024/08/23 14:40:38 640] tts        792  TTS_MSG_GETAUDIO  0  
[2024/08/23 14:40:38 640] tts        557  get audio|use local  
[2024/08/23 14:40:38 640] tts        599  0  nil  1  
[2024/08/23 14:40:38 640] tts        792  TTS_MSG_GETAUDIO  0  
[2024/08/23 14:40:38 640] tts        557  get audio|use local  
[2024/08/23 14:40:38 640] tts        599  0  nil  1  
[2024/08/23 14:40:38 640] tts        792  TTS_MSG_GETAUDIO  0  
[2024/08/23 14:40:38 640] tts        557  get audio|use local  
[2024/08/23 14:40:38 640] tts        599  0  nil  1  
[2024/08/23 14:40:38 640] tts        792  TTS_MSG_GETAUDIO  0  
[2024/08/23 14:40:38 640] tts        557  get audio|use local  
[2024/08/23 14:40:38 640] tts        599  0  nil  1  
[2024/08/23 14:40:38 640] tts        792  TTS_MSG_GETAUDIO  0  
[2024/08/23 14:40:38 640] tts        557  get audio|use local  
[2024/08/23 14:40:38 640] tts        599  0  nil  1  
[2024/08/23 14:40:38 640] tts        792  TTS_MSG_GETAUDIO  0  
[2024/08/23 14:40:38 640] tts        557  get audio|use local  
[2024/08/23 14:40:38 640] tts        599  0  nil  1  
[2024/08/23 14:40:38 640] tts        792  TTS_MSG_GETAUDIO  0  
[2024/08/23 14:40:38 640] tts        557  get audio|use local  
[2024/08/23 14:40:38 640] tts        599  0  nil  1  
[2024/08/23 14:40:38 640] tts        792  TTS_MSG_GETAUDIO  0  
[2024/08/23 14:40:38 640] tts        557  get audio|use local  
[2024/08/23 14:40:38 640] tts        599  0  nil  1  
[2024/08/23 14:40:38 641] tts        792  TTS_MSG_GETAUDIO  0  
[2024/08/23 14:40:38 641] tts        557  get audio|use local  
[2024/08/23 14:40:38 641] tts        599  0  nil  1  
[2024/08/23 14:40:38 641] tts        792  TTS_MSG_GETAUDIO  0  
[2024/08/23 14:40:38 641] tts        557  get audio|use local  
[2024/08/23 14:40:38 641] tts        599  0  nil  1  
[2024/08/23 14:40:38 641] tts        792  TTS_MSG_GETAUDIO  0  
[2024/08/23 14:40:38 641] tts        557  get audio|use local  
[2024/08/23 14:40:38 641] tts        599  0  nil  1  
[2024/08/23 14:40:38 641] tts        792  TTS_MSG_GETAUDIO  0  
[2024/08/23 14:40:38 641] tts        557  get audio|use local  
[2024/08/23 14:40:38 641] tts        599  0  nil  1  
[2024/08/23 14:40:38 641] tts        792  TTS_MSG_GETAUDIO  0  
[2024/08/23 14:40:38 641] tts        557  get audio|use local  
[2024/08/23 14:40:38 641] tts        599  0  nil  1  
[2024/08/23 14:40:38 641] tts        792  TTS_MSG_GETAUDIO  0  
[2024/08/23 14:40:38 641] tts        557  get audio|use local  
[2024/08/23 14:40:38 641] tts        599  0  nil  1  
[2024/08/23 14:40:38 641] tts        792  TTS_MSG_GETAUDIO  0  
[2024/08/23 14:40:38 641] tts        557  get audio|use local  
[2024/08/23 14:40:38 641] tts        599  0  nil  1  
[2024/08/23 14:40:38 641] tts        792  TTS_MSG_GETAUDIO  0  
[2024/08/23 14:40:38 641] tts        557  get audio|use local  
[2024/08/23 14:40:38 641] tts        599  0  nil  1  
[2024/08/23 14:40:38 641] tts        792  TTS_MSG_GETAUDIO  0  
[2024/08/23 14:40:38 641] tts        557  get audio|use local  
[2024/08/23 14:40:38 641] tts        599  0  nil  1  
[2024/08/23 14:40:38 642] tts        792  TTS_MSG_GETAUDIO  0  
[2024/08/23 14:40:38 642] tts        557  get audio|use local  
[2024/08/23 14:40:38 642] tts        599  0  nil  1  
[2024/08/23 14:40:38 642] tts        792  TTS_MSG_GETAUDIO  0  
[2024/08/23 14:40:38 642] tts        557  get audio|use local  
[2024/08/23 14:40:38 642] tts        599  0  nil  1  
[2024/08/23 14:40:38 642] tts        792  TTS_MSG_GETAUDIO  0  
[2024/08/23 14:40:38 642] tts        557  get audio|use local  
[2024/08/23 14:40:38 642] tts        599  0  nil  1  
[2024/08/23 14:40:38 642] tts        792  TTS_MSG_GETAUDIO  0  
[2024/08/23 14:40:38 642] tts        557  get audio|use local  
[2024/08/23 14:40:38 642] tts        599  0  nil  1  
[2024/08/23 14:40:38 642] tts        792  TTS_MSG_GETAUDIO  0  
[2024/08/23 14:40:38 642] tts        557  get audio|use local  
[2024/08/23 14:40:38 642] tts        599  0  nil  1  
[2024/08/23 14:40:38 642] tts        792  TTS_MSG_GETAUDIO  0  
[2024/08/23 14:40:38 642] tts        557  get audio|use local  
[2024/08/23 14:40:38 642] tts        599  0  nil  1  
[2024/08/23 14:40:38 642] tts        792  TTS_MSG_GETAUDIO  0  
[2024/08/23 14:40:38 642] tts        557  get audio|use local  
[2024/08/23 14:40:38 642] tts        599  0  nil  1  
[2024/08/23 14:40:38 643] tts        792  TTS_MSG_GETAUDIO  0  
[2024/08/23 14:40:38 643] tts        557  get audio|use local  
[2024/08/23 14:40:38 643] tts        599  0  nil  1  
[2024/08/23 14:40:38 643] tts        792  TTS_MSG_GETAUDIO  0  
[2024/08/23 14:40:38 643] tts        557  get audio|use local  
[2024/08/23 14:40:38 643] tts        599  0  nil  1  
[2024/08/23 14:40:38 643] tts        317  TTS_LOCAL_CB_OUTPUT  101  udata(48056d38) 18  
[2024/08/23 14:40:38 643] tts        321  udata(48056d38) 18  
[2024/08/23 14:40:38 643] tts        317  TTS_LOCAL_CB_OUTPUT  101  udata(48056ee8) 18  
[2024/08/23 14:40:38 643] tts        321  udata(48056ee8) 18  
[2024/08/23 14:40:38 643] tts        317  TTS_LOCAL_CB_OUTPUT  101  udata(480572d8) 18  
[2024/08/23 14:40:38 643] tts        321  udata(480572d8) 18  
[2024/08/23 14:40:38 644] tts        317  TTS_LOCAL_CB_OUTPUT  101  udata(48057428) 18  
[2024/08/23 14:40:38 644] tts        321  udata(48057428) 18  
[2024/08/23 14:40:38 644] tts        317  TTS_LOCAL_CB_OUTPUT  101  udata(48057528) 18  
[2024/08/23 14:40:38 644] tts        321  udata(48057528) 18  
[2024/08/23 14:40:38 644] tts        317  TTS_LOCAL_CB_OUTPUT  101  udata(480573d8) 18  
[2024/08/23 14:40:38 644] tts        321  udata(480573d8) 18  
[2024/08/23 14:40:38 644] tts        317  TTS_LOCAL_CB_OUTPUT  101  udata(48057768) 18  
[2024/08/23 14:40:38 644] tts        321  udata(48057768) 18  
[2024/08/23 14:40:38 644] tts        317  TTS_LOCAL_CB_OUTPUT  101  udata(48054278) 18  
[2024/08/23 14:40:38 644] tts        321  udata(48054278) 18  
[2024/08/23 14:40:38 644] tts        317  TTS_LOCAL_CB_OUTPUT  101  udata(48054378) 18  
[2024/08/23 14:40:38 644] tts        321  udata(48054378) 18  
[2024/08/23 14:40:38 644] tts        317  TTS_LOCAL_CB_OUTPUT  101  udata(48054588) 18  
[2024/08/23 14:40:38 644] tts        321  udata(48054588) 18  
[2024/08/23 14:40:38 644] tts        317  TTS_LOCAL_CB_OUTPUT  101  udata(48054688) 18  
[2024/08/23 14:40:38 644] tts        321  udata(48054688) 18  
[2024/08/23 14:40:38 645] tts        317  TTS_LOCAL_CB_OUTPUT  101  udata(48054788) 18  
[2024/08/23 14:40:38 645] tts        321  udata(48054788) 18  
[2024/08/23 14:40:38 645] tts        317  TTS_LOCAL_CB_OUTPUT  101  udata(48054888) 18  
[2024/08/23 14:40:38 645] tts        321  udata(48054888) 18  
[2024/08/23 14:40:38 645] tts        317  TTS_LOCAL_CB_OUTPUT  101  udata(48055298) 18  
[2024/08/23 14:40:38 645] tts        321  udata(48055298) 18  
[2024/08/23 14:40:38 645] tts        317  TTS_LOCAL_CB_OUTPUT  101  udata(48055398) 18  
[2024/08/23 14:40:38 645] tts        321  udata(48055398) 18  
[2024/08/23 14:40:38 645] tts        317  TTS_LOCAL_CB_OUTPUT  101  udata(48055498) 18  
[2024/08/23 14:40:38 645] tts        321  udata(48055498) 18  
[2024/08/23 14:40:38 645] tts        317  TTS_LOCAL_CB_OUTPUT  101  udata(48055598) 18  
[2024/08/23 14:40:38 645] tts        321  udata(48055598) 18  
[2024/08/23 14:40:38 645] tts        317  TTS_LOCAL_CB_OUTPUT  101  udata(480558a8) 18  
[2024/08/23 14:40:38 645] tts        321  udata(480558a8) 18  
[2024/08/23 14:40:38 646] tts        317  TTS_LOCAL_CB_OUTPUT  101  udata(480559a8) 18  
[2024/08/23 14:40:38 646] tts        321  udata(480559a8) 18  
[2024/08/23 14:40:38 646] tts        317  TTS_LOCAL_CB_OUTPUT  101  udata(48055aa8) 18  
[2024/08/23 14:40:38 646] tts        321  udata(48055aa8) 18  
[2024/08/23 14:40:38 646] tts        317  TTS_LOCAL_CB_OUTPUT  101  udata(48055ba8) 18  
[2024/08/23 14:40:38 646] tts        321  udata(48055ba8) 18  
[2024/08/23 14:40:38 646] tts        317  TTS_LOCAL_CB_OUTPUT  101  udata(48055ca8) 18  
[2024/08/23 14:40:38 646] tts        321  udata(48055ca8) 18  
[2024/08/23 14:40:38 646] tts        317  TTS_LOCAL_CB_OUTPUT  101  udata(48055da8) 18  
[2024/08/23 14:40:38 646] tts        321  udata(48055da8) 18  
[2024/08/23 14:40:38 646] tts        317  TTS_LOCAL_CB_OUTPUT  101  udata(48055ea8) 18  
[2024/08/23 14:40:38 646] tts        321  udata(48055ea8) 18  
[2024/08/23 14:40:38 646] tts        317  TTS_LOCAL_CB_OUTPUT  101  udata(48055fa8) 18  
[2024/08/23 14:40:38 646] tts        321  udata(48055fa8) 18  
[2024/08/23 14:40:38 646] tts        317  TTS_LOCAL_CB_OUTPUT  101  udata(480560a8) 36  
[2024/08/23 14:40:38 646] tts        321  udata(480560a8) 36  
[2024/08/23 14:40:38 646] tts        317  TTS_LOCAL_CB_OUTPUT  101  udata(480561a8) 36  
[2024/08/23 14:40:38 647] tts        321  udata(480561a8) 36  
[2024/08/23 14:40:38 647] tts        317  TTS_LOCAL_CB_OUTPUT  101  udata(480562a8) 36  
[2024/08/23 14:40:38 647] tts        321  udata(480562a8) 36  
[2024/08/23 14:40:38 647] tts        317  TTS_LOCAL_CB_OUTPUT  101  udata(480563a8) 36  
[2024/08/23 14:40:38 647] tts        321  udata(480563a8) 36  
[2024/08/23 14:40:38 647] tts        317  TTS_LOCAL_CB_OUTPUT  101  udata(480564a8) 36  
[2024/08/23 14:40:38 647] tts        321  udata(480564a8) 36  
[2024/08/23 14:40:38 647] tts        317  TTS_LOCAL_CB_OUTPUT  101  udata(480565a8) 36  
[2024/08/23 14:40:38 647] tts        321  udata(480565a8) 36  
[2024/08/23 14:40:38 647] tts        317  TTS_LOCAL_CB_OUTPUT  101  udata(480566a8) 36  
[2024/08/23 14:40:38 647] tts        321  udata(480566a8) 36  
[2024/08/23 14:40:38 647] tts        317  TTS_LOCAL_CB_OUTPUT  101  udata(480567a8) 36  
[2024/08/23 14:40:38 647] tts        321  udata(480567a8) 36  
[2024/08/23 14:40:38 647] tts        303  0  0  
[2024/08/23 14:40:38 647] tts        314  TTS_LOCAL_CB_END,  2  
[2024/08/23 14:40:38 647] tts        792  TTS_MSG_GETAUDIO  0  
[2024/08/23 14:40:38 647] tts        557  get audio|use local  
[2024/08/23 14:40:38 647] tts        570  local audiolen:  5572  ,ced:  18  
[2024/08/23 14:40:38 647] tts        599  0  udata(48056f38) 1  
[2024/08/23 14:40:38 647] tts        792  TTS_MSG_GETAUDIO  0  
[2024/08/23 14:40:38 647] tts        557  get audio|use local  
[2024/08/23 14:40:38 647] tts        570  local audiolen:  4020  ,ced:  18  
[2024/08/23 14:40:38 647] tts        599  0  udata(48056f88) 1  
[2024/08/23 14:40:38 647] tts        792  TTS_MSG_GETAUDIO  0  
[2024/08/23 14:40:38 647] tts        557  get audio|use local  
[2024/08/23 14:40:38 647] tts        570  local audiolen:  5222  ,ced:  18  
[2024/08/23 14:40:38 647] tts        599  0  udata(480568a8) 1  
[2024/08/23 14:40:38 647] tts        792  TTS_MSG_GETAUDIO  0  
[2024/08/23 14:40:38 647] tts        557  get audio|use local  
[2024/08/23 14:40:38 647] tts        570  local audiolen:  9944  ,ced:  18  
[2024/08/23 14:40:38 647] tts        599  0  udata(480568f8) 1  
[2024/08/23 14:40:38 647] tts        792  TTS_MSG_GETAUDIO  0  
[2024/08/23 14:40:38 647] tts        557  get audio|use local  
[2024/08/23 14:40:38 647] tts        570  local audiolen:  7372  ,ced:  18  
[2024/08/23 14:40:38 647] tts        599  0  udata(48056948) 1  
[2024/08/23 14:40:38 647] tts        792  TTS_MSG_GETAUDIO  0  
[2024/08/23 14:40:38 647] tts        557  get audio|use local  
[2024/08/23 14:40:38 648] tts        570  local audiolen:  7954  ,ced:  18  
[2024/08/23 14:40:38 648] tts        599  0  udata(48089b88) 1  
[2024/08/23 14:40:38 648] tts        792  TTS_MSG_GETAUDIO  0  
[2024/08/23 14:40:38 648] tts        557  get audio|use local  
[2024/08/23 14:40:38 648] tts        570  local audiolen:  512  ,ced:  18  
[2024/08/23 14:40:38 648] tts        599  0  udata(48089bd8) 1  
[2024/08/23 14:40:38 648] tts        792  TTS_MSG_GETAUDIO  0  
[2024/08/23 14:40:38 648] tts        557  get audio|use local  
[2024/08/23 14:40:38 648] tts        570  local audiolen:  512  ,ced:  18  
[2024/08/23 14:40:38 648] tts        599  0  udata(48089c28) 1  
[2024/08/23 14:40:38 648] tts        792  TTS_MSG_GETAUDIO  0  
[2024/08/23 14:40:38 648] tts        557  get audio|use local  
[2024/08/23 14:40:38 648] tts        570  local audiolen:  512  ,ced:  18  
[2024/08/23 14:40:38 648] tts        599  0  udata(48089c78) 1  
[2024/08/23 14:40:38 648] tts        792  TTS_MSG_GETAUDIO  0  
[2024/08/23 14:40:38 648] tts        557  get audio|use local  
[2024/08/23 14:40:38 648] tts        570  local audiolen:  512  ,ced:  18  
[2024/08/23 14:40:38 648] tts        599  0  udata(48089cc8) 1  
[2024/08/23 14:40:38 648] tts        792  TTS_MSG_GETAUDIO  0  
[2024/08/23 14:40:38 648] tts        557  get audio|use local  
[2024/08/23 14:40:38 648] tts        570  local audiolen:  512  ,ced:  18  
[2024/08/23 14:40:38 648] tts        599  0  udata(48089d18) 1  
[2024/08/23 14:40:38 648] tts        792  TTS_MSG_GETAUDIO  0  
[2024/08/23 14:40:38 648] tts        557  get audio|use local  
[2024/08/23 14:40:38 648] tts        570  local audiolen:  512  ,ced:  18  
[2024/08/23 14:40:38 648] tts        599  0  udata(48089d68) 1  
[2024/08/23 14:40:38 648] tts        792  TTS_MSG_GETAUDIO  0  
[2024/08/23 14:40:38 648] tts        557  get audio|use local  
[2024/08/23 14:40:38 648] tts        570  local audiolen:  512  ,ced:  18  
[2024/08/23 14:40:38 648] tts        599  0  udata(48089db8) 1  
[2024/08/23 14:40:38 649] tts        792  TTS_MSG_GETAUDIO  0  
[2024/08/23 14:40:38 649] tts        557  get audio|use local  
[2024/08/23 14:40:38 649] tts        570  local audiolen:  512  ,ced:  18  
[2024/08/23 14:40:38 649] tts        599  0  udata(48089e08) 1  
[2024/08/23 14:40:38 649] tts        792  TTS_MSG_GETAUDIO  0  
[2024/08/23 14:40:38 649] tts        557  get audio|use local  
[2024/08/23 14:40:38 649] tts        570  local audiolen:  512  ,ced:  18  
[2024/08/23 14:40:38 649] tts        599  0  udata(48089e58) 1  
[2024/08/23 14:40:38 649] tts        792  TTS_MSG_GETAUDIO  0  
[2024/08/23 14:40:38 649] tts        557  get audio|use local  
[2024/08/23 14:40:38 649] tts        570  local audiolen:  512  ,ced:  18  
[2024/08/23 14:40:38 649] tts        599  0  udata(48089ea8) 1  
[2024/08/23 14:40:38 649] tts        792  TTS_MSG_GETAUDIO  0  
[2024/08/23 14:40:38 649] tts        557  get audio|use local  
[2024/08/23 14:40:38 649] tts        570  local audiolen:  512  ,ced:  18  
[2024/08/23 14:40:38 649] tts        599  0  udata(48089ef8) 1  
[2024/08/23 14:40:38 649] tts        792  TTS_MSG_GETAUDIO  0  
[2024/08/23 14:40:38 649] tts        557  get audio|use local  
[2024/08/23 14:40:38 649] tts        570  local audiolen:  512  ,ced:  18  
[2024/08/23 14:40:38 649] tts        599  0  udata(48089f48) 1  
[2024/08/23 14:40:38 649] tts        792  TTS_MSG_GETAUDIO  0  
[2024/08/23 14:40:38 649] tts        557  get audio|use local  
[2024/08/23 14:40:38 649] tts        570  local audiolen:  512  ,ced:  18  
[2024/08/23 14:40:38 649] tts        599  0  udata(48089f98) 1  
[2024/08/23 14:40:38 649] tts        792  TTS_MSG_GETAUDIO  0  
[2024/08/23 14:40:38 649] tts        557  get audio|use local  
[2024/08/23 14:40:38 649] tts        570  local audiolen:  512  ,ced:  18  
[2024/08/23 14:40:38 649] tts        599  0  udata(48089fe8) 1  
[2024/08/23 14:40:38 649] tts        792  TTS_MSG_GETAUDIO  0  
[2024/08/23 14:40:38 649] tts        557  get audio|use local  
[2024/08/23 14:40:38 649] tts        570  local audiolen:  512  ,ced:  18  
[2024/08/23 14:40:38 649] tts        599  0  udata(4808a038) 1  
[2024/08/23 14:40:38 650] tts        792  TTS_MSG_GETAUDIO  0  
[2024/08/23 14:40:38 650] tts        557  get audio|use local  
[2024/08/23 14:40:38 650] tts        570  local audiolen:  512  ,ced:  18  
[2024/08/23 14:40:38 650] tts        599  0  udata(4808a088) 1  
[2024/08/23 14:40:38 650] tts        792  TTS_MSG_GETAUDIO  0  
[2024/08/23 14:40:38 650] tts        557  get audio|use local  
[2024/08/23 14:40:38 650] tts        570  local audiolen:  512  ,ced:  18  
[2024/08/23 14:40:38 650] tts        599  0  udata(4808a0d8) 1  
[2024/08/23 14:40:38 650] tts        792  TTS_MSG_GETAUDIO  0  
[2024/08/23 14:40:38 650] tts        557  get audio|use local  
[2024/08/23 14:40:38 650] tts        570  local audiolen:  512  ,ced:  18  
[2024/08/23 14:40:38 650] tts        599  0  udata(4808a128) 1  
[2024/08/23 14:40:38 650] tts        792  TTS_MSG_GETAUDIO  0  
[2024/08/23 14:40:38 650] tts        557  get audio|use local  
[2024/08/23 14:40:38 650] tts        570  local audiolen:  160  ,ced:  18  
[2024/08/23 14:40:38 650] tts        599  0  udata(4808a228) 1  
[2024/08/23 14:40:38 650] tts        792  TTS_MSG_GETAUDIO  0  
[2024/08/23 14:40:38 650] tts        557  get audio|use local  
[2024/08/23 14:40:38 650] tts        570  local audiolen:  212  ,ced:  36  
[2024/08/23 14:40:38 650] tts        599  0  udata(4808a278) 1  
[2024/08/23 14:40:38 650] tts        792  TTS_MSG_GETAUDIO  0  
[2024/08/23 14:40:38 650] tts        557  get audio|use local  
[2024/08/23 14:40:38 650] tts        570  local audiolen:  5380  ,ced:  36  
[2024/08/23 14:40:38 650] tts        599  0  udata(4808b7e8) 1  
[2024/08/23 14:40:38 650] tts        792  TTS_MSG_GETAUDIO  0  
[2024/08/23 14:40:38 650] tts        557  get audio|use local  
[2024/08/23 14:40:38 650] tts        570  local audiolen:  7202  ,ced:  36  
[2024/08/23 14:40:38 650] tts        599  0  udata(4808b838) 1  
[2024/08/23 14:40:38 650] tts        792  TTS_MSG_GETAUDIO  0  
[2024/08/23 14:40:38 650] tts        557  get audio|use local  
[2024/08/23 14:40:38 650] tts        570  local audiolen:  7160  ,ced:  36  
[2024/08/23 14:40:38 650] tts        599  0  udata(4808b888) 1  
[2024/08/23 14:40:38 651] tts        792  TTS_MSG_GETAUDIO  0  
[2024/08/23 14:40:38 651] tts        557  get audio|use local  
[2024/08/23 14:40:38 651] tts        570  local audiolen:  8012  ,ced:  36  
[2024/08/23 14:40:38 651] tts        599  0  udata(4808b8d8) 1  
[2024/08/23 14:40:38 651] tts        792  TTS_MSG_GETAUDIO  0  
[2024/08/23 14:40:38 651] tts        557  get audio|use local  
[2024/08/23 14:40:38 651] tts        570  local audiolen:  7392  ,ced:  36  
[2024/08/23 14:40:38 651] tts        599  0  udata(4808b928) 1  
[2024/08/23 14:40:38 651] tts        792  TTS_MSG_GETAUDIO  0  
[2024/08/23 14:40:38 651] tts        557  get audio|use local  
[2024/08/23 14:40:38 651] tts        570  local audiolen:  8306  ,ced:  36  
[2024/08/23 14:40:38 651] tts        599  0  udata(4808b978) 1  
[2024/08/23 14:40:38 651] tts        792  TTS_MSG_GETAUDIO  0  
[2024/08/23 14:40:38 651] tts        557  get audio|use local  
[2024/08/23 14:40:38 651] tts        570  local audiolen:  8984  ,ced:  36  
[2024/08/23 14:40:38 651] tts        599  0  udata(4808b9c8) 2  
[2024/08/23 14:40:38 651] tts        795  TTS_MSG_SSE  
[2024/08/23 14:40:38 651] tts        693  sse|use local  
[2024/08/23 14:40:38 652] tts        711  tts exit  
